<?xml version="1.0" encoding="UTF-8"?>
<robot generator="Robot 7.0 (Python 3.12.1 on win32)" generated="2024-03-19T19:05:57.531524" rpa="false" schemaversion="5">
<suite id="s1" name="Robot" source="C:\Users\aaron\OneDrive\Documents\My developments\Robot">
<suite id="s1-s1" name="APITest" source="C:\Users\aaron\OneDrive\Documents\My developments\Robot\APITest.robot">
<test id="s1-s1-t1" name="Quick POST Request Test" line="14">
<kw name="Create Dictionary" owner="BuiltIn">
<msg time="2024-03-19T19:05:57.713030" level="INFO">&amp;{req_body} = { name=test | job=team leader }</msg>
<var>&amp;{req_body}</var>
<arg>name=test</arg>
<arg>job=team leader</arg>
<doc>Creates and returns a dictionary based on the given ``items``.</doc>
<status status="PASS" start="2024-03-19T19:05:57.713030" elapsed="0.000000"/>
</kw>
<kw name="POST" owner="RequestsLibrary">
<msg time="2024-03-19T19:05:58.364922" level="INFO">POST Request : url=https://reqres.in/api/users 
 path_url=/api/users 
 headers={'User-Agent': 'python-requests/2.31.0', 'Accept-Encoding': 'gzip, deflate', 'Accept': '*/*', 'Connection': 'keep-alive', 'Content-Length': '38', 'Content-Type': 'application/json'} 
 body=b'{"name": "test", "job": "team leader"}' 
 </msg>
<msg time="2024-03-19T19:05:58.364922" level="INFO">POST Response : url=https://reqres.in/api/users 
 status=201, reason=Created 
 headers={'Date': 'Tue, 19 Mar 2024 23:05:57 GMT', 'Content-Type': 'application/json; charset=utf-8', 'Content-Length': '85', 'Connection': 'keep-alive', 'Report-To': '{"group":"heroku-nel","max_age":3600,"endpoints":[{"url":"https://nel.heroku.com/reports?ts=1710889557&amp;sid=c4c9725f-1ab0-44d8-820f-430df2718e11&amp;s=fXGxfGm06akGXkI6UaeGDXMD6azW%2FhkXNa%2FT74304QI%3D"}]}', 'Reporting-Endpoints': 'heroku-nel=https://nel.heroku.com/reports?ts=1710889557&amp;sid=c4c9725f-1ab0-44d8-820f-430df2718e11&amp;s=fXGxfGm06akGXkI6UaeGDXMD6azW%2FhkXNa%2FT74304QI%3D', 'Nel': '{"report_to":"heroku-nel","max_age":3600,"success_fraction":0.005,"failure_fraction":0.05,"response_headers":["Via"]}', 'X-Powered-By': 'Express', 'Access-Control-Allow-Origin': '*', 'Etag': 'W/"55-gm/OljGA3tZmBF7XKYrUQQQ6z94"', 'Via': '1.1 vegur', 'CF-Cache-Status': 'DYNAMIC', 'Server': 'cloudflare', 'CF-RAY': '86711c338a96a214-YYZ'} 
 body={"name":"test","job":"team leader","id":"391","createdAt":"2024-03-19T23:05:57.302Z"} 
 </msg>
<msg time="2024-03-19T19:05:58.364922" level="INFO">${response} = &lt;Response [201]&gt;</msg>
<var>${response}</var>
<arg>${base_url}</arg>
<arg>json=${req_body}</arg>
<arg>expected_status=201</arg>
<doc>Sends a POST request.</doc>
<status status="PASS" start="2024-03-19T19:05:57.713030" elapsed="0.651892"/>
</kw>
<kw name="Log" owner="BuiltIn">
<msg time="2024-03-19T19:05:58.364922" level="INFO">{'name': 'test', 'job': 'team leader', 'id': '391', 'createdAt': '2024-03-19T23:05:57.302Z'}</msg>
<arg>${response.json()}</arg>
<doc>Logs the given message with the given level.</doc>
<status status="PASS" start="2024-03-19T19:05:58.364922" elapsed="0.000000"/>
</kw>
<kw name="Dictionary Should Contain Key" owner="Collections">
<msg time="2024-03-19T19:05:58.364922" level="INFO">False</msg>
<arg>${response.json()}</arg>
<arg>id</arg>
<doc>Fails if ``key`` is not found from ``dictionary``.</doc>
<status status="PASS" start="2024-03-19T19:05:58.364922" elapsed="0.000000"/>
</kw>
<kw name="Get From Dictionary" owner="Collections">
<msg time="2024-03-19T19:05:58.364922" level="INFO">${name} = test</msg>
<var>${name}</var>
<arg>${response.json()}</arg>
<arg>name</arg>
<doc>Returns a value from the given ``dictionary`` based on the given ``key``.</doc>
<status status="PASS" start="2024-03-19T19:05:58.364922" elapsed="0.000000"/>
</kw>
<kw name="Should Be Equal As Strings" owner="BuiltIn">
<arg>${expectedname}</arg>
<arg>${name}</arg>
<doc>Fails if objects are unequal after converting them to strings.</doc>
<status status="PASS" start="2024-03-19T19:05:58.364922" elapsed="0.000000"/>
</kw>
<kw name="Get From Dictionary" owner="Collections">
<msg time="2024-03-19T19:05:58.364922" level="INFO">${job} = team leader</msg>
<var>${job}</var>
<arg>${response.json()}</arg>
<arg>job</arg>
<doc>Returns a value from the given ``dictionary`` based on the given ``key``.</doc>
<status status="PASS" start="2024-03-19T19:05:58.364922" elapsed="0.000000"/>
</kw>
<kw name="Should Be Equal As Strings" owner="BuiltIn">
<arg>${expectedjob}</arg>
<arg>${job}</arg>
<doc>Fails if objects are unequal after converting them to strings.</doc>
<status status="PASS" start="2024-03-19T19:05:58.364922" elapsed="0.000000"/>
</kw>
<status status="PASS" start="2024-03-19T19:05:57.713030" elapsed="0.651892"/>
</test>
<status status="PASS" start="2024-03-19T19:05:57.556375" elapsed="0.808547"/>
</suite>
<suite id="s1-s2" name="Sshtest" source="C:\Users\aaron\OneDrive\Documents\My developments\Robot\sshtest.robot">
<test id="s1-s2-t1" name="Test ls -al command" line="8">
<kw name="Commandexecution" owner="class_moshellcommand">
<msg time="2024-03-19T19:05:58.856167" level="INFO">ls -al
['ls -al']
Output of 'ls -al':
total 307804
drwxr-x--- 6 aaron aaron      4096 Mar 18 05:52 .
drwxr-xr-x 3 root  root       4096 Feb 25  2023 ..
-rw------- 1 aaron aaron       229 Mar 18 05:52 .Xauthority
lrwxrwxrwx 1 aaron aaron        23 Feb 25  2023 .aws -&gt; /mnt/c/Users/aaron/.aws
lrwxrwxrwx 1 aaron aaron        25 Feb 25  2023 .azure -&gt; /mnt/c/Users/aaron/.azure
-rw------- 1 aaron aaron       994 Mar 17 19:53 .bash_history
-rw-r--r-- 1 aaron aaron       220 Feb 25  2023 .bash_logout
-rw-r--r-- 1 aaron aaron      3771 Feb 25  2023 .bashrc
drwx------ 2 aaron aaron      4096 Dec 27 06:41 .cache
drwxr-xr-x 5 aaron aaron      4096 Feb 25  2023 .docker
drwxr-xr-x 2 aaron aaron      4096 Feb 25  2023 .kube
-rw-r--r-- 1 aaron aaron         0 Feb 25  2023 .motd_shown
-rw-r--r-- 1 aaron aaron       807 Feb 25  2023 .profile
drwx------ 2 aaron aaron      4096 Jan 26 16:25 .ssh
-rw-r--r-- 1 aaron aaron         0 Feb 25  2023 .sudo_as_admin_successful
-rw-rw-rw- 1 root  root  214251520 Oct 18  2022 moshell.tar
-rwxrwxr-x 1 aaron aaron 100848313 Jan 10 00:37 moshell22.0u.zip
-rw-r--r-- 1 root  root      33566 Oct 18  2022 moshell_install</msg>
<msg time="2024-03-19T19:05:58.856167" level="INFO">${result} = 0</msg>
<var>${result}</var>
<arg>ls -al</arg>
<status status="PASS" start="2024-03-19T19:05:58.604787" elapsed="0.251380"/>
</kw>
<kw name="Should Be Equal As Numbers" owner="BuiltIn">
<msg time="2024-03-19T19:05:58.856167" level="INFO">Argument types are:
&lt;class 'int'&gt;
&lt;class 'str'&gt;</msg>
<arg>${result}</arg>
<arg>0</arg>
<doc>Fails if objects are unequal after converting them to real numbers.</doc>
<status status="PASS" start="2024-03-19T19:05:58.856167" elapsed="0.000000"/>
</kw>
<status status="PASS" start="2024-03-19T19:05:58.604787" elapsed="0.251380"/>
</test>
<test id="s1-s2-t2" name="Test cat /etc/os-release command" line="12">
<kw name="Commandexecution" owner="class_moshellcommand">
<msg time="2024-03-19T19:05:59.069597" level="INFO">cat /etc/os-release
['ls -al', 'cat /etc/os-release']
Output of 'ls -al':
total 307804
drwxr-x--- 6 aaron aaron      4096 Mar 18 05:52 .
drwxr-xr-x 3 root  root       4096 Feb 25  2023 ..
-rw------- 1 aaron aaron       229 Mar 18 05:52 .Xauthority
lrwxrwxrwx 1 aaron aaron        23 Feb 25  2023 .aws -&gt; /mnt/c/Users/aaron/.aws
lrwxrwxrwx 1 aaron aaron        25 Feb 25  2023 .azure -&gt; /mnt/c/Users/aaron/.azure
-rw------- 1 aaron aaron       994 Mar 17 19:53 .bash_history
-rw-r--r-- 1 aaron aaron       220 Feb 25  2023 .bash_logout
-rw-r--r-- 1 aaron aaron      3771 Feb 25  2023 .bashrc
drwx------ 2 aaron aaron      4096 Dec 27 06:41 .cache
drwxr-xr-x 5 aaron aaron      4096 Feb 25  2023 .docker
drwxr-xr-x 2 aaron aaron      4096 Feb 25  2023 .kube
-rw-r--r-- 1 aaron aaron         0 Feb 25  2023 .motd_shown
-rw-r--r-- 1 aaron aaron       807 Feb 25  2023 .profile
drwx------ 2 aaron aaron      4096 Jan 26 16:25 .ssh
-rw-r--r-- 1 aaron aaron         0 Feb 25  2023 .sudo_as_admin_successful
-rw-rw-rw- 1 root  root  214251520 Oct 18  2022 moshell.tar
-rwxrwxr-x 1 aaron aaron 100848313 Jan 10 00:37 moshell22.0u.zip
-rw-r--r-- 1 root  root      33566 Oct 18  2022 moshell_install</msg>
<msg time="2024-03-19T19:05:59.069597" level="INFO">${result} = 0</msg>
<var>${result}</var>
<arg>cat /etc/os-release</arg>
<status status="PASS" start="2024-03-19T19:05:58.856167" elapsed="0.213430"/>
</kw>
<kw name="Should Be Equal As Numbers" owner="BuiltIn">
<msg time="2024-03-19T19:05:59.069597" level="INFO">Argument types are:
&lt;class 'int'&gt;
&lt;class 'str'&gt;</msg>
<arg>${result}</arg>
<arg>0</arg>
<doc>Fails if objects are unequal after converting them to real numbers.</doc>
<status status="PASS" start="2024-03-19T19:05:59.069597" elapsed="0.000000"/>
</kw>
<status status="PASS" start="2024-03-19T19:05:58.856167" elapsed="0.213430"/>
</test>
<test id="s1-s2-t3" name="Test" line="16">
<kw name="Ssh Close" owner="class_moshellcommand">
<msg time="2024-03-19T19:05:59.174944" level="INFO">SSH connection will be closed!</msg>
<msg time="2024-03-19T19:05:59.174944" level="INFO">${value} = 0</msg>
<var>${value}</var>
<status status="PASS" start="2024-03-19T19:05:59.069597" elapsed="0.105347"/>
</kw>
<kw name="Should Be Equal As Integers" owner="BuiltIn">
<msg time="2024-03-19T19:05:59.174944" level="INFO">Argument types are:
&lt;class 'int'&gt;
&lt;class 'str'&gt;</msg>
<arg>${value}</arg>
<arg>0</arg>
<doc>Fails if objects are unequal after converting them to integers.</doc>
<status status="PASS" start="2024-03-19T19:05:59.174944" elapsed="0.000000"/>
</kw>
<status status="PASS" start="2024-03-19T19:05:59.069597" elapsed="0.105347"/>
</test>
<status status="PASS" start="2024-03-19T19:05:58.364922" elapsed="0.819094"/>
</suite>
<suite id="s1-s3" name="Test" source="C:\Users\aaron\OneDrive\Documents\My developments\Robot\test.robot">
<test id="s1-s3-t1" name="Google" line="7">
<kw name="Open Browser" owner="SeleniumLibrary">
<msg time="2024-03-19T19:05:59.365180" level="INFO">Opening browser 'chrome' to base url 'https://www.google.com'.</msg>
<arg>https://www.google.com</arg>
<arg>chrome</arg>
<doc>Opens a new browser instance to the optional ``url``.</doc>
<status status="PASS" start="2024-03-19T19:05:59.365180" elapsed="2.695246"/>
</kw>
<kw name="Maximize Browser Window" owner="SeleniumLibrary">
<doc>Maximizes current browser window.</doc>
<status status="PASS" start="2024-03-19T19:06:02.060426" elapsed="0.124960"/>
</kw>
<kw name="Sleep" owner="BuiltIn">
<msg time="2024-03-19T19:06:12.186554" level="INFO">Slept 10 seconds.</msg>
<arg>10</arg>
<doc>Pauses the test executed for the given time.</doc>
<status status="PASS" start="2024-03-19T19:06:02.186408" elapsed="10.000146"/>
</kw>
<kw name="Close Browser" owner="SeleniumLibrary">
<doc>Closes the current browser.</doc>
<status status="PASS" start="2024-03-19T19:06:12.186554" elapsed="2.154222"/>
</kw>
<status status="PASS" start="2024-03-19T19:05:59.365180" elapsed="14.975596"/>
</test>
<status status="PASS" start="2024-03-19T19:05:59.184016" elapsed="15.156760"/>
</suite>
<suite id="s1-s4" name="Testcalculator" source="C:\Users\aaron\OneDrive\Documents\My developments\Robot\testcalculator.robot">
<test id="s1-s4-t1" name="Test Addition" line="5">
<kw name="Call Method" owner="BuiltIn">
<msg time="2024-03-19T19:06:14.340776" level="INFO">${result} = 70</msg>
<var>${result}</var>
<arg>${cal}</arg>
<arg>add</arg>
<arg>20</arg>
<arg>50</arg>
<doc>Calls the named method of the given object with the provided arguments.</doc>
<status status="PASS" start="2024-03-19T19:06:14.340776" elapsed="0.000000"/>
</kw>
<kw name="Should Be Equal As Integers" owner="BuiltIn">
<msg time="2024-03-19T19:06:14.340776" level="INFO">Argument types are:
&lt;class 'int'&gt;
&lt;class 'str'&gt;</msg>
<arg>${result}</arg>
<arg>70</arg>
<doc>Fails if objects are unequal after converting them to integers.</doc>
<status status="PASS" start="2024-03-19T19:06:14.340776" elapsed="0.000000"/>
</kw>
<status status="PASS" start="2024-03-19T19:06:14.340776" elapsed="0.000000"/>
</test>
<test id="s1-s4-t2" name="Test Addition2" line="9">
<kw name="Call Method" owner="BuiltIn">
<msg time="2024-03-19T19:06:14.340776" level="INFO">${result} = 170</msg>
<var>${result}</var>
<arg>${cal}</arg>
<arg>add</arg>
<arg>80</arg>
<arg>90</arg>
<doc>Calls the named method of the given object with the provided arguments.</doc>
<status status="PASS" start="2024-03-19T19:06:14.340776" elapsed="0.000000"/>
</kw>
<kw name="Should Be Equal As Numbers" owner="BuiltIn">
<msg time="2024-03-19T19:06:14.340776" level="INFO">Argument types are:
&lt;class 'int'&gt;
&lt;class 'str'&gt;</msg>
<arg>${result}</arg>
<arg>170</arg>
<doc>Fails if objects are unequal after converting them to real numbers.</doc>
<status status="PASS" start="2024-03-19T19:06:14.340776" elapsed="0.000000"/>
</kw>
<status status="PASS" start="2024-03-19T19:06:14.340776" elapsed="0.000000"/>
</test>
<status status="PASS" start="2024-03-19T19:06:14.340776" elapsed="0.000000"/>
</suite>
<status status="PASS" start="2024-03-19T19:05:57.531524" elapsed="16.809252"/>
</suite>
<statistics>
<total>
<stat pass="7" fail="0" skip="0">All Tests</stat>
</total>
<tag>
</tag>
<suite>
<stat pass="7" fail="0" skip="0" id="s1" name="Robot">Robot</stat>
<stat pass="1" fail="0" skip="0" id="s1-s1" name="APITest">Robot.APITest</stat>
<stat pass="3" fail="0" skip="0" id="s1-s2" name="Sshtest">Robot.Sshtest</stat>
<stat pass="1" fail="0" skip="0" id="s1-s3" name="Test">Robot.Test</stat>
<stat pass="2" fail="0" skip="0" id="s1-s4" name="Testcalculator">Robot.Testcalculator</stat>
</suite>
</statistics>
<errors>
</errors>
</robot>
